2020-11-12 16:52:43,948 ERROR [TestAD] null\config.properties (Системе не удается найти указанный путь)
2020-11-12 17:00:44,322 INFO  [TestAD] Start
2020-11-12 17:22:07,058 INFO  [TestAD] Start
2020-11-12 17:23:00,017 INFO  [QuartzJob] Start DefaultQuartzScheduler_Worker-1
2020-11-12 17:23:00,017 INFO  [QuartzJob] Start DefaultQuartzScheduler_Worker-1
2020-11-12 17:23:05,314 ERROR [QuartzJob] Ошибка ввода/вывода: Unknown host specified ~DefaultQuartzScheduler_Worker-1
2020-11-12 17:23:05,314 ERROR [QuartzJob] Ошибка ввода/вывода: Unknown host specified ~DefaultQuartzScheduler_Worker-1
2020-11-12 17:23:05,316 INFO  [QuartzJob] StartJob
2020-11-12 17:23:05,316 INFO  [QuartzJob] StartJob
2020-11-12 17:30:22,630 INFO  [TestAD] Start
2020-11-12 17:31:20,017 INFO  [QuartzJob] Start DefaultQuartzScheduler_Worker-1
2020-11-12 17:31:20,017 INFO  [QuartzJob] Start DefaultQuartzScheduler_Worker-1
2020-11-12 17:31:23,553 ERROR [QuartzJob] Ошибка ввода/вывода: Unknown host specified ~DefaultQuartzScheduler_Worker-1 line = 114
2020-11-12 17:31:23,553 ERROR [QuartzJob] Ошибка ввода/вывода: Unknown host specified ~DefaultQuartzScheduler_Worker-1 line = 114
2020-11-12 17:31:23,555 INFO  [QuartzJob] StartJob
2020-11-12 17:31:23,555 INFO  [QuartzJob] StartJob
2020-11-12 17:33:07,521 INFO  [TestAD] Start
2020-11-12 17:33:20,025 INFO  [QuartzJob] Start DefaultQuartzScheduler_Worker-1
2020-11-12 17:33:20,025 INFO  [QuartzJob] Start DefaultQuartzScheduler_Worker-1
2020-11-12 17:33:23,211 INFO  [QuartzJob] StartJob
2020-11-12 17:33:23,211 INFO  [QuartzJob] StartJob
2020-11-12 17:33:23,875 ERROR [QuartzJob] ORA-06550: Строка 1, столбец 13:
PLS-00201: идентификатор 'SB_CERTS_USR.DOMAINUSR' должен быть объявлен
ORA-06550: Строка 1, столбец 7:
PL/SQL: Statement ignored
~DefaultQuartzScheduler_Worker-1 line = 118
2020-11-12 17:33:23,875 ERROR [QuartzJob] ORA-06550: Строка 1, столбец 13:
PLS-00201: идентификатор 'SB_CERTS_USR.DOMAINUSR' должен быть объявлен
ORA-06550: Строка 1, столбец 7:
PL/SQL: Statement ignored
~DefaultQuartzScheduler_Worker-1 line = 118
2020-11-12 17:34:48,454 INFO  [TestAD] Start
2020-11-12 17:35:20,021 INFO  [QuartzJob] Start DefaultQuartzScheduler_Worker-1
2020-11-12 17:35:20,021 INFO  [QuartzJob] Start DefaultQuartzScheduler_Worker-1
2020-11-12 17:35:21,353 INFO  [QuartzJob] StartJob
2020-11-12 17:35:21,353 INFO  [QuartzJob] StartJob
2020-11-12 17:37:39,539 INFO  [TestAD] Start
2020-11-12 17:38:20,022 INFO  [QuartzJob] Start DefaultQuartzScheduler_Worker-1
2020-11-12 17:38:20,022 INFO  [QuartzJob] Start DefaultQuartzScheduler_Worker-1
2020-11-12 17:38:21,543 INFO  [QuartzJob] StartJob
2020-11-12 17:38:21,543 INFO  [QuartzJob] StartJob
2020-11-12 18:00:12,535 INFO  [TestAD] Start
2020-11-12 22:44:57,730 INFO  [TestAD] Start
2020-11-12 22:45:20,018 INFO  [QuartzJob] Start DefaultQuartzScheduler_Worker-1
2020-11-12 22:45:20,018 INFO  [QuartzJob] Start DefaultQuartzScheduler_Worker-1
2020-11-12 22:45:21,520 INFO  [QuartzJob] StartJob
2020-11-12 22:45:21,520 INFO  [QuartzJob] StartJob
2020-11-12 22:45:33,279 INFO  [TestAD] Start
2020-11-12 22:46:20,021 INFO  [QuartzJob] Start DefaultQuartzScheduler_Worker-1
2020-11-12 22:46:20,021 INFO  [QuartzJob] Start DefaultQuartzScheduler_Worker-1
2020-11-12 22:46:21,223 INFO  [QuartzJob] StartJob
2020-11-12 22:46:21,223 INFO  [QuartzJob] StartJob
2020-11-12 22:47:06,586 INFO  [TestAD] Start
2020-11-12 22:47:20,001 INFO  [QuartzJob] Start DefaultQuartzScheduler_Worker-2
2020-11-12 22:47:20,001 INFO  [QuartzJob] Start DefaultQuartzScheduler_Worker-2
2020-11-12 22:47:20,001 INFO  [QuartzJob] Start DefaultQuartzScheduler_Worker-2
2020-11-12 22:47:20,019 INFO  [QuartzJob] Start DefaultQuartzScheduler_Worker-1
2020-11-12 22:47:20,019 INFO  [QuartzJob] Start DefaultQuartzScheduler_Worker-1
2020-11-12 22:47:20,492 INFO  [QuartzJob] StartJob
2020-11-12 22:47:20,492 INFO  [QuartzJob] StartJob
2020-11-12 22:47:20,492 INFO  [QuartzJob] StartJob
2020-11-12 22:47:21,118 INFO  [QuartzJob] StartJob
2020-11-12 22:47:21,118 INFO  [QuartzJob] StartJob
2020-11-12 22:50:18,489 INFO  [TestAD] Start
2020-11-12 22:50:20,020 INFO  [QuartzJob] Start DefaultQuartzScheduler_Worker-1
2020-11-12 22:50:20,020 INFO  [QuartzJob] Start DefaultQuartzScheduler_Worker-1
2020-11-12 22:50:21,225 INFO  [QuartzJob] StartJob
2020-11-12 22:50:21,225 INFO  [QuartzJob] StartJob
2020-11-12 22:51:13,253 INFO  [TestAD] Start
2020-11-12 22:51:20,015 INFO  [QuartzJob] Start DefaultQuartzScheduler_Worker-1
2020-11-12 22:51:20,015 INFO  [QuartzJob] Start DefaultQuartzScheduler_Worker-1
2020-11-12 22:51:21,117 INFO  [QuartzJob] StartJob
2020-11-12 22:51:21,117 INFO  [QuartzJob] StartJob
2020-11-12 22:51:58,064 INFO  [TestAD] Start
2020-11-12 22:52:20,018 INFO  [QuartzJob] Start DefaultQuartzScheduler_Worker-1
2020-11-12 22:52:20,018 INFO  [QuartzJob] Start DefaultQuartzScheduler_Worker-1
2020-11-12 22:52:21,107 INFO  [QuartzJob] StartJob
2020-11-12 22:52:21,107 INFO  [QuartzJob] StartJob
2020-11-12 22:53:20,002 INFO  [QuartzJob] Start DefaultQuartzScheduler_Worker-2
2020-11-12 22:53:20,002 INFO  [QuartzJob] Start DefaultQuartzScheduler_Worker-2
2020-11-12 22:53:20,002 INFO  [QuartzJob] Start DefaultQuartzScheduler_Worker-2
2020-11-12 22:53:20,273 INFO  [QuartzJob] StartJob
2020-11-12 22:53:20,273 INFO  [QuartzJob] StartJob
2020-11-12 22:53:20,273 INFO  [QuartzJob] StartJob
2020-11-12 22:53:48,846 INFO  [TestAD] Start
2020-11-12 22:54:10,016 INFO  [QuartzJob] Start DefaultQuartzScheduler_Worker-1
2020-11-12 22:54:10,016 INFO  [QuartzJob] Start DefaultQuartzScheduler_Worker-1
2020-11-12 22:54:11,123 INFO  [QuartzJob] StartJob
2020-11-12 22:54:11,123 INFO  [QuartzJob] StartJob
2020-11-12 22:55:10,001 INFO  [QuartzJob] Start DefaultQuartzScheduler_Worker-2
2020-11-12 22:55:10,001 INFO  [QuartzJob] Start DefaultQuartzScheduler_Worker-2
2020-11-12 22:55:10,001 INFO  [QuartzJob] Start DefaultQuartzScheduler_Worker-2
2020-11-12 22:55:10,273 INFO  [QuartzJob] StartJob
2020-11-12 22:55:10,273 INFO  [QuartzJob] StartJob
2020-11-12 22:55:10,273 INFO  [QuartzJob] StartJob
2020-11-12 23:03:11,703 INFO  [TestAD] Start
2020-11-12 23:06:12,404 INFO  [TestAD] Start
2020-11-12 23:07:10,017 INFO  [QuartzJob] Start DefaultQuartzScheduler_Worker-1
2020-11-12 23:07:10,017 INFO  [QuartzJob] Start DefaultQuartzScheduler_Worker-1
2020-11-12 23:07:11,199 INFO  [QuartzJob] StartJob
2020-11-12 23:07:11,199 INFO  [QuartzJob] StartJob
2020-11-12 23:08:10,001 INFO  [QuartzJob] Start DefaultQuartzScheduler_Worker-2
2020-11-12 23:08:10,001 INFO  [QuartzJob] Start DefaultQuartzScheduler_Worker-2
2020-11-12 23:08:10,001 INFO  [QuartzJob] Start DefaultQuartzScheduler_Worker-2
2020-11-12 23:08:10,923 INFO  [QuartzJob] StartJob
2020-11-12 23:08:10,923 INFO  [QuartzJob] StartJob
2020-11-12 23:08:10,923 INFO  [QuartzJob] StartJob
2020-11-12 23:08:33,703 INFO  [TestAD] Start
2020-11-12 23:09:10,018 INFO  [QuartzJob] Start DefaultQuartzScheduler_Worker-1
2020-11-12 23:09:10,018 INFO  [QuartzJob] Start DefaultQuartzScheduler_Worker-1
2020-11-12 23:09:11,102 INFO  [QuartzJob] StartJob
2020-11-12 23:09:11,102 INFO  [QuartzJob] StartJob
2020-11-12 23:11:34,926 INFO  [TestAD] Start
2020-11-12 23:12:10,016 INFO  [QuartzJob] Start DefaultQuartzScheduler_Worker-1
2020-11-12 23:12:10,016 INFO  [QuartzJob] Start DefaultQuartzScheduler_Worker-1
2020-11-12 23:12:11,099 INFO  [QuartzJob] StartJob
2020-11-12 23:12:11,099 INFO  [QuartzJob] StartJob
2020-11-12 23:15:03,415 INFO  [TestAD] Start
2020-11-12 23:15:10,017 INFO  [QuartzJob] Start DefaultQuartzScheduler_Worker-1
2020-11-12 23:15:10,017 INFO  [QuartzJob] Start DefaultQuartzScheduler_Worker-1
2020-11-12 23:15:11,104 INFO  [QuartzJob] StartJob
2020-11-12 23:15:11,104 INFO  [QuartzJob] StartJob
2020-11-12 23:21:23,613 INFO  [TestAD] Start
2020-11-12 23:22:10,017 INFO  [QuartzJob] Start DefaultQuartzScheduler_Worker-1
2020-11-12 23:22:10,017 INFO  [QuartzJob] Start DefaultQuartzScheduler_Worker-1
2020-11-12 23:22:11,107 INFO  [QuartzJob] StartJob
2020-11-12 23:22:11,107 INFO  [QuartzJob] StartJob
2020-11-12 23:23:22,253 INFO  [TestAD] Start
2020-11-12 23:24:10,018 INFO  [QuartzJob] Start DefaultQuartzScheduler_Worker-1
2020-11-12 23:24:10,018 INFO  [QuartzJob] Start DefaultQuartzScheduler_Worker-1
2020-11-12 23:24:11,093 INFO  [QuartzJob] StartJob
2020-11-12 23:24:11,093 INFO  [QuartzJob] StartJob
2020-11-12 23:34:51,315 INFO  [TestAD] Start
2020-11-12 23:35:10,020 INFO  [QuartzJob] Start DefaultQuartzScheduler_Worker-1
2020-11-12 23:35:10,020 INFO  [QuartzJob] Start DefaultQuartzScheduler_Worker-1
2020-11-12 23:35:11,195 INFO  [QuartzJob] StartJob
2020-11-12 23:35:11,195 INFO  [QuartzJob] StartJob
2020-11-12 23:44:14,263 INFO  [TestAD] Start
2020-11-12 23:45:10,017 INFO  [QuartzJob] Start DefaultQuartzScheduler_Worker-1
2020-11-12 23:45:10,017 INFO  [QuartzJob] Start DefaultQuartzScheduler_Worker-1
2020-11-12 23:45:11,522 INFO  [QuartzJob] StartJob
2020-11-12 23:45:11,522 INFO  [QuartzJob] StartJob
2020-11-12 23:46:32,669 INFO  [TestAD] Start
2020-11-12 23:47:10,016 INFO  [QuartzJob] Start DefaultQuartzScheduler_Worker-1
2020-11-12 23:47:10,016 INFO  [QuartzJob] Start DefaultQuartzScheduler_Worker-1
2020-11-12 23:47:11,269 INFO  [QuartzJob] StartJob
2020-11-12 23:47:11,269 INFO  [QuartzJob] StartJob
2020-11-12 23:54:41,429 INFO  [TestAD] Start
2020-11-12 23:55:10,020 INFO  [QuartzJob] Start DefaultQuartzScheduler_Worker-1
2020-11-12 23:55:10,020 INFO  [QuartzJob] Start DefaultQuartzScheduler_Worker-1
2020-11-12 23:55:11,122 INFO  [QuartzJob] StartJob
2020-11-12 23:55:11,122 INFO  [QuartzJob] StartJob
2020-11-12 23:55:15,387 ERROR [QuartzJob] javax.mail.internet.AddressException: Local address contains illegal character in string ``10.111.64.21:1521/odb''~DefaultQuartzScheduler_Worker-1 line = 170
2020-11-12 23:55:15,387 ERROR [QuartzJob] javax.mail.internet.AddressException: Local address contains illegal character in string ``10.111.64.21:1521/odb''~DefaultQuartzScheduler_Worker-1 line = 170
2020-11-12 23:57:30,235 INFO  [TestAD] Start
2020-11-12 23:58:10,021 INFO  [QuartzJob] Start DefaultQuartzScheduler_Worker-1
2020-11-12 23:58:10,021 INFO  [QuartzJob] Start DefaultQuartzScheduler_Worker-1
2020-11-12 23:58:11,145 INFO  [QuartzJob] StartJob
2020-11-12 23:58:11,145 INFO  [QuartzJob] StartJob
2020-11-12 23:58:16,033 INFO  [QuartzJob] Sent message successfully....
2020-11-12 23:58:16,033 INFO  [QuartzJob] Sent message successfully....
2020-11-13 00:00:40,574 INFO  [TestAD] Start
2020-11-13 00:01:10,020 INFO  [QuartzJob] Start DefaultQuartzScheduler_Worker-1
2020-11-13 00:01:10,020 INFO  [QuartzJob] Start DefaultQuartzScheduler_Worker-1
2020-11-13 00:01:11,786 INFO  [QuartzJob] StartJob
2020-11-13 00:01:11,786 INFO  [QuartzJob] StartJob
2020-11-13 00:01:16,609 INFO  [QuartzJob] Sent message successfully....
2020-11-13 00:01:16,609 INFO  [QuartzJob] Sent message successfully....
