#
# A fatal error has been detected by the Java Runtime Environment:
#
#  EXCEPTION_ACCESS_VIOLATION (0xc0000005) at pc=0x000007feff1f9653, pid=7960, tid=0x000000000000210c
#
# JRE version: Java(TM) SE Runtime Environment (8.0_231-b11) (build 1.8.0_231-b11)
# Java VM: Java HotSpot(TM) 64-Bit Server VM (25.231-b11 mixed mode windows-amd64 compressed oops)
# Problematic frame:
# C  [ole32.dll+0x29653]
#
# Failed to write core dump. Minidumps are not enabled by default on client versions of Windows
#
# If you would like to submit a bug report, please visit:
#   http://bugreport.java.com/bugreport/crash.jsp
# The crash happened outside the Java Virtual Machine in native code.
# See problematic frame for where to report the bug.
#

---------------  T H R E A D  ---------------

Current thread (0x000000001a670800):  JavaThread "Finalizer" daemon [_thread_in_native, id=8460, stack(0x000000001ab40000,0x000000001ac40000)]

siginfo: ExceptionCode=0xc0000005, writing address 0x000000001cbc8000

Registers:
RAX=0x000007feff3a7910, RBX=0x0000000000000000, RCX=0x000000001cbc7fa0, RDX=0x000000001cbc7e50
RSP=0x000000001ac3ef60, RBP=0x000007feff3767f0, RSI=0x000000001cbcf328, RDI=0x000000001cbc7f30
R8 =0x0000019300aa0009, R9 =0x00000194009c000a, R10=0x000007feff3a5400, R11=0x0000000000000001
R12=0x00000000ffffffff, R13=0x0000000024393970, R14=0x0000000000000000, R15=0x000007feff3a53d8
RIP=0x000007feff1f9653, EFLAGS=0x0000000000010246

Top of Stack: (sp=0x000000001ac3ef60)
0x000000001ac3ef60:   000000001cbc7f30 000007feff1f43e5
0x000000001ac3ef70:   000000001a670800 000000001ac3f100
0x000000001ac3ef80:   000000001a670800 000000001ac3f100
0x000000001ac3ef90:   0000000024393970 0000000000000000
0x000000001ac3efa0:   000000001cbcf320 000007feff1f9550
0x000000001ac3efb0:   0000000000000000 000000001cbcf328
0x000000001ac3efc0:   000000001ac3f0e0 0000000000000042
0x000000001ac3efd0:   0000000000000001 000007feff1f9428
0x000000001ac3efe0:   0000000000000000 0000000000000001
0x000000001ac3eff0:   000000001ac3f0e0 0000000000000042
0x000000001ac3f000:   000000001ac3f100 000007feff1f9b49
0x000000001ac3f010:   000000001cbcf320 0000000000000042
0x000000001ac3f020:   0000000000000000 000000001ac3f100
0x000000001ac3f030:   000000001ac3f100 000007fee9032510
0x000000001ac3f040:   0000000080000000 0000000000409610
0x000000001ac3f050:   000000001a6709f8 00000007225532c8 

Instructions: (pc=0x000007feff1f9653)
0x000007feff1f9633:   00 48 89 05 dd d5 1a 00 48 8b 56 10 48 8b 4a 60
0x000007feff1f9643:   48 8b 42 68 48 89 41 68 48 8b 4a 68 48 8b 42 60
0x000007feff1f9653:   48 89 41 60 48 8b 5e 10 44 39 35 6a f1 1a 00 0f
0x000007feff1f9663:   85 d5 88 03 00 48 8b 0d d9 d4 1a 00 49 3b ce 0f 


Register to memory mapping:

RAX=0x000007feff3a7910 is an unknown value
RBX=0x0000000000000000 is an unknown value
RCX=0x000000001cbc7fa0 is an unknown value
RDX=0x000000001cbc7e50 is an unknown value
RSP=0x000000001ac3ef60 is pointing into the stack for thread: 0x000000001a670800
RBP=0x000007feff3767f0 is an unknown value
RSI=0x000000001cbcf328 is an unknown value
RDI=0x000000001cbc7f30 is an unknown value
R8 =0x0000019300aa0009 is an unknown value
R9 =0x00000194009c000a is an unknown value
R10=0x000007feff3a5400 is an unknown value
R11=0x0000000000000001 is an unknown value
R12=0x00000000ffffffff is an unknown value
R13={method} {0x0000000024393978} 'release' '()V' in 'com/jacob/com/Dispatch'
R14=0x0000000000000000 is an unknown value
R15=0x000007feff3a53d8 is an unknown value


Stack: [0x000000001ab40000,0x000000001ac40000],  sp=0x000000001ac3ef60,  free space=1019k
Native frames: (J=compiled Java code, j=interpreted, Vv=VM code, C=native code)
C  [ole32.dll+0x29653]
C  [ole32.dll+0x29550]
C  [ole32.dll+0x29428]
C  [ole32.dll+0x29b49]
C  0x000007fee9032510
C  0x0000000002a08c67

Java frames: (J=compiled Java code, j=interpreted, Vv=VM code)
j  com.jacob.com.Dispatch.release()V+0
j  com.jacob.com.Dispatch.safeRelease()V+12
j  com.jacob.com.Dispatch.finalize()V+1
j  com.jacob.activeX.ActiveXComponent.finalize()V+1
J 1352 C1 java.lang.ref.Finalizer.runFinalizer(Lsun/misc/JavaLangAccess;)V (62 bytes) @ 0x0000000002e772d4 [0x0000000002e76d40+0x594]
J 1357 C1 java.lang.ref.Finalizer.access$100(Ljava/lang/ref/Finalizer;Lsun/misc/JavaLangAccess;)V (6 bytes) @ 0x0000000002e7395c [0x0000000002e73900+0x5c]
j  java.lang.ref.Finalizer$FinalizerThread.run()V+45
v  ~StubRoutines::call_stub

---------------  P R O C E S S  ---------------

Java Threads: ( => current thread )
  0x000000001b626800 JavaThread "RemotePrinterListener" daemon [_thread_blocked, id=7688, stack(0x0000000022cb0000,0x0000000022db0000)]
  0x000000001b626000 JavaThread "PrinterListener" daemon [_thread_in_native, id=8508, stack(0x0000000022dc0000,0x0000000022ec0000)]
  0x000000001b625000 JavaThread "oracle.jdbc.driver.BlockSource.ThreadedCachingBlockSource.BlockReleaser" daemon [_thread_blocked, id=10048, stack(0x000000001f720000,0x000000001f820000)]
  0x000000001b624800 JavaThread "Prism Font Disposer" daemon [_thread_blocked, id=9268, stack(0x000000001c5e0000,0x000000001c6e0000)]
  0x000000001b623800 JavaThread "Application killer Thread" daemon [_thread_blocked, id=9264, stack(0x000000001cc10000,0x000000001cd10000)]
  0x000000001b623000 JavaThread "Thread-4" daemon [_thread_blocked, id=7696, stack(0x000000001c9e0000,0x000000001cae0000)]
  0x000000001b686800 JavaThread "Thread-2" daemon [_thread_in_native, id=4320, stack(0x000000001c2f0000,0x000000001c3f0000)]
  0x000000001b63c800 JavaThread "Thread-1" daemon [_thread_blocked, id=6772, stack(0x000000001bd70000,0x000000001be70000)]
  0x000000001a710000 JavaThread "Service Thread" daemon [_thread_blocked, id=9760, stack(0x000000001b410000,0x000000001b510000)]
  0x000000001a697800 JavaThread "C1 CompilerThread2" daemon [_thread_blocked, id=4796, stack(0x000000001b160000,0x000000001b260000)]
  0x000000001a68f000 JavaThread "C2 CompilerThread1" daemon [_thread_blocked, id=5920, stack(0x000000001ade0000,0x000000001aee0000)]
  0x000000001a68a000 JavaThread "C2 CompilerThread0" daemon [_thread_blocked, id=1956, stack(0x000000001af50000,0x000000001b050000)]
  0x000000001a687000 JavaThread "Attach Listener" daemon [_thread_blocked, id=8348, stack(0x000000001acc0000,0x000000001adc0000)]
  0x000000001a686800 JavaThread "Signal Dispatcher" daemon [_thread_blocked, id=9688, stack(0x000000001a220000,0x000000001a320000)]
=>0x000000001a670800 JavaThread "Finalizer" daemon [_thread_in_native, id=8460, stack(0x000000001ab40000,0x000000001ac40000)]
  0x0000000018d93800 JavaThread "Reference Handler" daemon [_thread_blocked, id=5820, stack(0x000000001a530000,0x000000001a630000)]

Other Threads:
  0x0000000018d8e000 VMThread [stack: 0x000000001a360000,0x000000001a460000] [id=9388]

VM state:at safepoint (normal execution)

VM Mutex/Monitor currently owned by a thread:  ([mutex/lock_event])
[0x0000000001c90900] Threads_lock - owner thread: 0x0000000018d8e000
[0x0000000001c90e00] Heap_lock - owner thread: 0x000000001b628000

heap address: 0x0000000720000000, size: 2560 MB, Compressed Oops mode: Zero based, Oop shift amount: 3
Narrow klass base: 0x0000000000000000, Narrow klass shift: 3
Compressed class space size: 1073741824 Address: 0x00000007c0000000

Heap:
 PSYoungGen      total 63488K, used 8357K [0x000000078ab00000, 0x0000000792a00000, 0x00000007c0000000)
  eden space 56832K, 3% used [0x000000078ab00000,0x000000078acaa460,0x000000078e280000)
  from space 6656K, 99% used [0x000000078e280000,0x000000078e8ff050,0x000000078e900000)
  to   space 27648K, 0% used [0x0000000790f00000,0x0000000790f00000,0x0000000792a00000)
 ParOldGen       total 119808K, used 38946K [0x0000000720000000, 0x0000000727500000, 0x000000078ab00000)
  object space 119808K, 32% used [0x0000000720000000,0x0000000722608918,0x0000000727500000)
 Metaspace       used 38505K, capacity 40624K, committed 40880K, reserved 1083392K
  class space    used 5551K, capacity 5957K, committed 6064K, reserved 1048576K

Card table byte_map: [0x0000000011db0000,0x00000000122c0000] byte_map_base: 0x000000000e4b0000

Marking Bits: (ParMarkBitMap*) 0x00000000680f6d90
 Begin Bits: [0x0000000012ea0000, 0x00000000156a0000)
 End Bits:   [0x00000000156a0000, 0x0000000017ea0000)

Polling page: 0x0000000000260000

CodeCache: size=245760Kb used=14826Kb max_used=14826Kb free=230933Kb
 bounds [0x00000000029f0000, 0x0000000003880000, 0x00000000119f0000]
 total_blobs=5399 nmethods=4609 adapters=702
 compilation: enabled

Compilation events (10 events):
Event: 12.692 Thread 0x000000001a697800 4608       3       java.util.concurrent.locks.AbstractQueuedSynchronizer::hasQueuedPredecessors (40 bytes)
Event: 12.692 Thread 0x000000001a697800 nmethod 4608 0x000000000385ec10 code [0x000000000385ed80, 0x000000000385eff0]
Event: 12.694 Thread 0x000000001a697800 4609       3       java.util.concurrent.locks.AbstractQueuedSynchronizer::setHead (16 bytes)
Event: 12.694 Thread 0x000000001a697800 nmethod 4609 0x000000000385e850 code [0x000000000385e9a0, 0x000000000385eb70]
Event: 12.704 Thread 0x000000001a697800 4610       3       java.util.HashSet::iterator (13 bytes)
Event: 12.704 Thread 0x000000001a697800 nmethod 4610 0x0000000003860390 code [0x0000000003860500, 0x00000000038607d8]
Event: 12.742 Thread 0x000000001a697800 4611   !   3       java.lang.ref.Reference::tryHandlePending (115 bytes)
Event: 12.743 Thread 0x000000001a697800 nmethod 4611 0x00000000038726d0 code [0x0000000003872900, 0x00000000038735a8]
Event: 12.743 Thread 0x000000001a697800 4612       3       java.util.logging.LogManager$LoggerContext::ensureDefaultLogger (70 bytes)
Event: 12.743 Thread 0x000000001a697800 nmethod 4612 0x000000000385f710 code [0x000000000385f8c0, 0x0000000003860168]

GC Heap History (10 events):
Event: 2.128 GC heap before
{Heap before GC invocations=3 (full 1):
 PSYoungGen      total 47616K, used 6624K [0x000000078ab00000, 0x0000000790800000, 0x00000007c0000000)
  eden space 40960K, 0% used [0x000000078ab00000,0x000000078ab00000,0x000000078d300000)
  from space 6656K, 99% used [0x000000078d980000,0x000000078dff8160,0x000000078e000000)
  to   space 6656K, 0% used [0x000000078d300000,0x000000078d300000,0x000000078d980000)
 ParOldGen       total 109568K, used 3103K [0x0000000720000000, 0x0000000726b00000, 0x000000078ab00000)
  object space 109568K, 2% used [0x0000000720000000,0x0000000720307fc8,0x0000000726b00000)
 Metaspace       used 20672K, capacity 21120K, committed 21296K, reserved 1067008K
  class space    used 2679K, capacity 2826K, committed 2864K, reserved 1048576K
Event: 2.156 GC heap after
Heap after GC invocations=3 (full 1):
 PSYoungGen      total 47616K, used 0K [0x000000078ab00000, 0x0000000790800000, 0x00000007c0000000)
  eden space 40960K, 0% used [0x000000078ab00000,0x000000078ab00000,0x000000078d300000)
  from space 6656K, 0% used [0x000000078d980000,0x000000078d980000,0x000000078e000000)
  to   space 6656K, 0% used [0x000000078d300000,0x000000078d300000,0x000000078d980000)
 ParOldGen       total 74240K, used 8024K [0x0000000720000000, 0x0000000724880000, 0x000000078ab00000)
  object space 74240K, 10% used [0x0000000720000000,0x00000007207d63c8,0x0000000724880000)
 Metaspace       used 20672K, capacity 21120K, committed 21296K, reserved 1067008K
  class space    used 2679K, capacity 2826K, committed 2864K, reserved 1048576K
}
Event: 3.574 GC heap before
{Heap before GC invocations=4 (full 1):
 PSYoungGen      total 47616K, used 40960K [0x000000078ab00000, 0x0000000790800000, 0x00000007c0000000)
  eden space 40960K, 100% used [0x000000078ab00000,0x000000078d300000,0x000000078d300000)
  from space 6656K, 0% used [0x000000078d980000,0x000000078d980000,0x000000078e000000)
  to   space 6656K, 0% used [0x000000078d300000,0x000000078d300000,0x000000078d980000)
 ParOldGen       total 74240K, used 8024K [0x0000000720000000, 0x0000000724880000, 0x000000078ab00000)
  object space 74240K, 10% used [0x0000000720000000,0x00000007207d63c8,0x0000000724880000)
 Metaspace       used 32615K, capacity 34142K, committed 34352K, reserved 1079296K
  class space    used 4743K, capacity 5060K, committed 5168K, reserved 1048576K
Event: 3.580 GC heap after
Heap after GC invocations=4 (full 1):
 PSYoungGen      total 47616K, used 6625K [0x000000078ab00000, 0x000000078ef80000, 0x00000007c0000000)
  eden space 40960K, 0% used [0x000000078ab00000,0x000000078ab00000,0x000000078d300000)
  from space 6656K, 99% used [0x000000078d300000,0x000000078d9785e0,0x000000078d980000)
  to   space 6656K, 0% used [0x000000078e900000,0x000000078e900000,0x000000078ef80000)
 ParOldGen       total 74240K, used 8148K [0x0000000720000000, 0x0000000724880000, 0x000000078ab00000)
  object space 74240K, 10% used [0x0000000720000000,0x00000007207f50e0,0x0000000724880000)
 Metaspace       used 32615K, capacity 34142K, committed 34352K, reserved 1079296K
  class space    used 4743K, capacity 5060K, committed 5168K, reserved 1048576K
}
Event: 3.800 GC heap before
{Heap before GC invocations=5 (full 1):
 PSYoungGen      total 47616K, used 14143K [0x000000078ab00000, 0x000000078ef80000, 0x00000007c0000000)
  eden space 40960K, 18% used [0x000000078ab00000,0x000000078b257668,0x000000078d300000)
  from space 6656K, 99% used [0x000000078d300000,0x000000078d9785e0,0x000000078d980000)
  to   space 6656K, 0% used [0x000000078e900000,0x000000078e900000,0x000000078ef80000)
 ParOldGen       total 74240K, used 8148K [0x0000000720000000, 0x0000000724880000, 0x000000078ab00000)
  object space 74240K, 10% used [0x0000000720000000,0x00000007207f50e0,0x0000000724880000)
 Metaspace       used 33748K, capacity 35390K, committed 35496K, reserved 1079296K
  class space    used 4903K, capacity 5218K, committed 5296K, reserved 1048576K
Event: 3.806 GC heap after
Heap after GC invocations=5 (full 1):
 PSYoungGen      total 63488K, used 5642K [0x000000078ab00000, 0x000000078f400000, 0x00000007c0000000)
  eden space 56832K, 0% used [0x000000078ab00000,0x000000078ab00000,0x000000078e280000)
  from space 6656K, 84% used [0x000000078e900000,0x000000078ee82970,0x000000078ef80000)
  to   space 6656K, 0% used [0x000000078e280000,0x000000078e280000,0x000000078e900000)
 ParOldGen       total 74240K, used 8167K [0x0000000720000000, 0x0000000724880000, 0x000000078ab00000)
  object space 74240K, 11% used [0x0000000720000000,0x00000007207f9d10,0x0000000724880000)
 Metaspace       used 33748K, capacity 35390K, committed 35496K, reserved 1079296K
  class space    used 4903K, capacity 5218K, committed 5296K, reserved 1048576K
}
Event: 3.806 GC heap before
{Heap before GC invocations=6 (full 2):
 PSYoungGen      total 63488K, used 5642K [0x000000078ab00000, 0x000000078f400000, 0x00000007c0000000)
  eden space 56832K, 0% used [0x000000078ab00000,0x000000078ab00000,0x000000078e280000)
  from space 6656K, 84% used [0x000000078e900000,0x000000078ee82970,0x000000078ef80000)
  to   space 6656K, 0% used [0x000000078e280000,0x000000078e280000,0x000000078e900000)
 ParOldGen       total 74240K, used 8167K [0x0000000720000000, 0x0000000724880000, 0x000000078ab00000)
  object space 74240K, 11% used [0x0000000720000000,0x00000007207f9d10,0x0000000724880000)
 Metaspace       used 33748K, capacity 35390K, committed 35496K, reserved 1079296K
  class space    used 4903K, capacity 5218K, committed 5296K, reserved 1048576K
Event: 3.863 GC heap after
Heap after GC invocations=6 (full 2):
 PSYoungGen      total 63488K, used 0K [0x000000078ab00000, 0x000000078f400000, 0x00000007c0000000)
  eden space 56832K, 0% used [0x000000078ab00000,0x000000078ab00000,0x000000078e280000)
  from space 6656K, 0% used [0x000000078e900000,0x000000078e900000,0x000000078ef80000)
  to   space 6656K, 0% used [0x000000078e280000,0x000000078e280000,0x000000078e900000)
 ParOldGen       total 119808K, used 11251K [0x0000000720000000, 0x0000000727500000, 0x000000078ab00000)
  object space 119808K, 9% used [0x0000000720000000,0x0000000720afcd50,0x0000000727500000)
 Metaspace       used 33748K, capacity 35390K, committed 35496K, reserved 1079296K
  class space    used 4903K, capacity 5218K, committed 5296K, reserved 1048576K
}
Event: 12.706 GC heap before
{Heap before GC invocations=7 (full 2):
 PSYoungGen      total 63488K, used 56832K [0x000000078ab00000, 0x000000078f400000, 0x00000007c0000000)
  eden space 56832K, 100% used [0x000000078ab00000,0x000000078e280000,0x000000078e280000)
  from space 6656K, 0% used [0x000000078e900000,0x000000078e900000,0x000000078ef80000)
  to   space 6656K, 0% used [0x000000078e280000,0x000000078e280000,0x000000078e900000)
 ParOldGen       total 119808K, used 11251K [0x0000000720000000, 0x0000000727500000, 0x000000078ab00000)
  object space 119808K, 9% used [0x0000000720000000,0x0000000720afcd50,0x0000000727500000)
 Metaspace       used 38500K, capacity 40618K, committed 40880K, reserved 1083392K
  class space    used 5550K, capacity 5956K, committed 6064K, reserved 1048576K
Event: 12.742 GC heap after
Heap after GC invocations=7 (full 2):
 PSYoungGen      total 63488K, used 6652K [0x000000078ab00000, 0x0000000792a00000, 0x00000007c0000000)
  eden space 56832K, 0% used [0x000000078ab00000,0x000000078ab00000,0x000000078e280000)
  from space 6656K, 99% used [0x000000078e280000,0x000000078e8ff050,0x000000078e900000)
  to   space 27648K, 0% used [0x0000000790f00000,0x0000000790f00000,0x0000000792a00000)
 ParOldGen       total 119808K, used 38946K [0x0000000720000000, 0x0000000727500000, 0x000000078ab00000)
  object space 119808K, 32% used [0x0000000720000000,0x0000000722608918,0x0000000727500000)
 Metaspace       used 38500K, capacity 40618K, committed 40880K, reserved 1083392K
  class space    used 5550K, capacity 5956K, committed 6064K, reserved 1048576K
}

Deoptimization events (10 events):
Event: 12.570 Thread 0x000000001b641000 Uncommon trap: reason=unstable_if action=reinterpret pc=0x000000000378b47c method=java.lang.Math.min(DD)D @ 17
Event: 12.649 Thread 0x000000001b641000 Uncommon trap: reason=bimorphic action=maybe_recompile pc=0x0000000003177774 method=java.io.DataInputStream.readShort()S @ 4
Event: 12.649 Thread 0x000000001b641000 Uncommon trap: reason=bimorphic action=maybe_recompile pc=0x00000000032df314 method=java.io.FilterInputStream.read()I @ 4
Event: 12.649 Thread 0x000000001b641000 Uncommon trap: reason=bimorphic action=maybe_recompile pc=0x00000000032df314 method=java.io.FilterInputStream.read()I @ 4
Event: 12.649 Thread 0x000000001b641000 Uncommon trap: reason=bimorphic action=maybe_recompile pc=0x00000000032df314 method=java.io.FilterInputStream.read()I @ 4
Event: 12.649 Thread 0x000000001b641000 Uncommon trap: reason=bimorphic action=maybe_recompile pc=0x0000000003177774 method=java.io.DataInputStream.readShort()S @ 4
Event: 12.649 Thread 0x000000001b641000 Uncommon trap: reason=bimorphic action=maybe_recompile pc=0x00000000032df314 method=java.io.FilterInputStream.read()I @ 4
Event: 12.649 Thread 0x000000001b641000 Uncommon trap: reason=bimorphic action=maybe_recompile pc=0x0000000003177774 method=java.io.DataInputStream.readShort()S @ 4
Event: 12.649 Thread 0x000000001b641000 Uncommon trap: reason=bimorphic action=maybe_recompile pc=0x0000000003177774 method=java.io.DataInputStream.readShort()S @ 4
Event: 12.742 Thread 0x0000000018d93800 Uncommon trap: reason=unstable_if action=reinterpret pc=0x00000000033053f0 method=java.lang.ref.Reference.tryHandlePending(Z)Z @ 20

Classes redefined (0 events):
No events

Internal exceptions (10 events):
Event: 12.628 Thread 0x000000001b641000 Exception <a 'java/lang/ClassNotFoundException': javax/persistence/Column> (0x000000078e049708) thrown at [C:\re\workspace\8-2-build-windows-amd64-cygwin\jdk8u231\13620\hotspot\src\share\vm\classfile\systemDictionary.cpp, line 210]
Event: 12.629 Thread 0x000000001b641000 Exception <a 'java/lang/ClassNotFoundException': javax/persistence/Column> (0x000000078e04b748) thrown at [C:\re\workspace\8-2-build-windows-amd64-cygwin\jdk8u231\13620\hotspot\src\share\vm\classfile\systemDictionary.cpp, line 210]
Event: 12.629 Thread 0x000000001b641000 Exception <a 'java/lang/ClassNotFoundException': javax/persistence/Column> (0x000000078e04d770) thrown at [C:\re\workspace\8-2-build-windows-amd64-cygwin\jdk8u231\13620\hotspot\src\share\vm\classfile\systemDictionary.cpp, line 210]
Event: 12.629 Thread 0x000000001b641000 Exception <a 'java/lang/ClassNotFoundException': javax/persistence/Id> (0x000000078e04fdc0) thrown at [C:\re\workspace\8-2-build-windows-amd64-cygwin\jdk8u231\13620\hotspot\src\share\vm\classfile\systemDictionary.cpp, line 210]
Event: 12.629 Thread 0x000000001b641000 Exception <a 'java/lang/ClassNotFoundException': javax/persistence/Column> (0x000000078e050408) thrown at [C:\re\workspace\8-2-build-windows-amd64-cygwin\jdk8u231\13620\hotspot\src\share\vm\classfile\systemDictionary.cpp, line 210]
Event: 12.629 Thread 0x000000001b641000 Exception <a 'java/lang/ClassNotFoundException': javax/persistence/Column> (0x000000078e052488) thrown at [C:\re\workspace\8-2-build-windows-amd64-cygwin\jdk8u231\13620\hotspot\src\share\vm\classfile\systemDictionary.cpp, line 210]
Event: 12.630 Thread 0x000000001b641000 Exception <a 'java/lang/ClassNotFoundException': javax/persistence/Column> (0x000000078e056d18) thrown at [C:\re\workspace\8-2-build-windows-amd64-cygwin\jdk8u231\13620\hotspot\src\share\vm\classfile\systemDictionary.cpp, line 210]
Event: 12.630 Thread 0x000000001b641000 Exception <a 'java/lang/ClassNotFoundException': javax/persistence/Column> (0x000000078e058d30) thrown at [C:\re\workspace\8-2-build-windows-amd64-cygwin\jdk8u231\13620\hotspot\src\share\vm\classfile\systemDictionary.cpp, line 210]
Event: 12.630 Thread 0x000000001b641000 Exception <a 'java/lang/ClassNotFoundException': javax/persistence/Column> (0x000000078e05adc0) thrown at [C:\re\workspace\8-2-build-windows-amd64-cygwin\jdk8u231\13620\hotspot\src\share\vm\classfile\systemDictionary.cpp, line 210]
Event: 12.631 Thread 0x000000001b641000 Exception <a 'java/lang/ClassNotFoundException': javax/persistence/Column> (0x000000078e05ce08) thrown at [C:\re\workspace\8-2-build-windows-amd64-cygwin\jdk8u231\13620\hotspot\src\share\vm\classfile\systemDictionary.cpp, line 210]

Events (10 events):
Event: 12.706 Executing VM operation: ParallelGCFailedAllocation
Event: 12.742 Executing VM operation: ParallelGCFailedAllocation done
Event: 12.742 Thread 0x0000000018d93800 Uncommon trap: trap_request=0xffffff65 fr.pc=0x00000000033053f0
Event: 12.742 Thread 0x0000000018d93800 DEOPT PACKING pc=0x00000000033053f0 sp=0x000000001a62f220
Event: 12.742 Thread 0x0000000018d93800 DEOPT UNPACKING pc=0x0000000002a3583b sp=0x000000001a62f1d8 mode 2
Event: 12.742 loading class com/sun/javafx/font/PrismFontFile
Event: 12.742 loading class com/sun/javafx/font/PrismFontFile done
Event: 12.743 Thread 0x000000001b629800 Thread exited: 0x000000001b629800
Event: 12.745 Thread 0x000000001b629000 Thread exited: 0x000000001b629000
Event: 12.745 Thread 0x000000001b628000 Thread exited: 0x000000001b628000


Dynamic libraries:
0x000000013f2a0000 - 0x000000013f2d7000 	C:\Program Files\Java\jre1.8.0_231\bin\java.exe
0x0000000077700000 - 0x00000000778a9000 	C:\Windows\SYSTEM32\ntdll.dll
0x00000000775e0000 - 0x00000000776ff000 	C:\Windows\system32\kernel32.dll
0x000007fefd800000 - 0x000007fefd86b000 	C:\Windows\system32\KERNELBASE.dll
0x000007feff3e0000 - 0x000007feff4bb000 	C:\Windows\system32\ADVAPI32.dll
0x000007feff4e0000 - 0x000007feff57f000 	C:\Windows\system32\msvcrt.dll
0x000007fefee00000 - 0x000007fefee1f000 	C:\Windows\SYSTEM32\sechost.dll
0x000007feff020000 - 0x000007feff14d000 	C:\Windows\system32\RPCRT4.dll
0x00000000774e0000 - 0x00000000775da000 	C:\Windows\system32\USER32.dll
0x000007fefef80000 - 0x000007fefefe7000 	C:\Windows\system32\GDI32.dll
0x000007fefdce0000 - 0x000007fefdcee000 	C:\Windows\system32\LPK.dll
0x000007fefecd0000 - 0x000007fefed99000 	C:\Windows\system32\USP10.dll
0x000007fefb910000 - 0x000007fefbb04000 	C:\Windows\WinSxS\amd64_microsoft.windows.common-controls_6595b64144ccf1df_6.0.7601.17514_none_fa396087175ac9ac\COMCTL32.dll
0x000007feff150000 - 0x000007feff1c1000 	C:\Windows\system32\SHLWAPI.dll
0x000007fefeff0000 - 0x000007feff01e000 	C:\Windows\system32\IMM32.DLL
0x000007fefdd90000 - 0x000007fefde99000 	C:\Windows\system32\MSCTF.dll
0x000007fefd3e0000 - 0x000007fefd411000 	C:\Windows\system32\vmwsci.dll
0x00000000778b0000 - 0x00000000778b7000 	C:\Windows\system32\PSAPI.DLL
0x000007fefd3d0000 - 0x000007fefd3d3000 	C:\Windows\system32\api-ms-win-core-synch-l1-2-0.DLL
0x000007fefc5d0000 - 0x000007fefc66a000 	C:\Windows\system32\ftapihook64.dll
0x000007fefb620000 - 0x000007fefb676000 	C:\Windows\system32\uxtheme.dll
0x000007fefc550000 - 0x000007fefc5cb000 	C:\Windows\system32\ftsti.dll
0x0000000068530000 - 0x0000000068602000 	C:\Program Files\Java\jre1.8.0_231\bin\msvcr100.dll
0x00000000678d0000 - 0x0000000068176000 	C:\Program Files\Java\jre1.8.0_231\bin\server\jvm.dll
0x000007fef9ce0000 - 0x000007fef9ce9000 	C:\Windows\system32\WSOCK32.dll
0x000007feff9c0000 - 0x000007feffa0d000 	C:\Windows\system32\WS2_32.dll
0x000007fefd870000 - 0x000007fefd878000 	C:\Windows\system32\NSI.dll
0x000007fef9ca0000 - 0x000007fef9cdb000 	C:\Windows\system32\WINMM.dll
0x000007fefcb90000 - 0x000007fefcb9c000 	C:\Windows\system32\VERSION.dll
0x000007fef62f0000 - 0x000007fef62ff000 	C:\Program Files\Java\jre1.8.0_231\bin\verify.dll
0x000007fef6120000 - 0x000007fef6149000 	C:\Program Files\Java\jre1.8.0_231\bin\java.dll
0x000007fef62d0000 - 0x000007fef62e6000 	C:\Program Files\Java\jre1.8.0_231\bin\zip.dll
0x000007fefdf40000 - 0x000007fefecc8000 	C:\Windows\system32\SHELL32.dll
0x000007feff1d0000 - 0x000007feff3d3000 	C:\Windows\system32\ole32.dll
0x000007fefd4b0000 - 0x000007fefd4bf000 	C:\Windows\system32\profapi.dll
0x000007fef4100000 - 0x000007fef4103000 	C:\Program Files\Java\jre1.8.0_231\bin\api-ms-win-core-console-l1-1-0.dll
0x000007fef4110000 - 0x000007fef4113000 	C:\Program Files\Java\jre1.8.0_231\bin\api-ms-win-core-datetime-l1-1-0.dll
0x000007fef3930000 - 0x000007fef3933000 	C:\Program Files\Java\jre1.8.0_231\bin\api-ms-win-core-debug-l1-1-0.dll
0x000007fef3940000 - 0x000007fef3943000 	C:\Program Files\Java\jre1.8.0_231\bin\api-ms-win-core-errorhandling-l1-1-0.dll
0x000007fef3910000 - 0x000007fef3914000 	C:\Program Files\Java\jre1.8.0_231\bin\api-ms-win-core-file-l1-1-0.dll
0x000007feeb3a0000 - 0x000007feeb3a3000 	C:\Program Files\Java\jre1.8.0_231\bin\api-ms-win-core-file-l1-2-0.dll
0x000007feeacc0000 - 0x000007feeacc3000 	C:\Program Files\Java\jre1.8.0_231\bin\api-ms-win-core-file-l2-1-0.dll
0x000007fef3920000 - 0x000007fef3923000 	C:\Program Files\Java\jre1.8.0_231\bin\api-ms-win-core-handle-l1-1-0.dll
0x000007fef02f0000 - 0x000007fef02f3000 	C:\Program Files\Java\jre1.8.0_231\bin\api-ms-win-core-heap-l1-1-0.dll
0x000007fef0e60000 - 0x000007fef0e63000 	C:\Program Files\Java\jre1.8.0_231\bin\api-ms-win-core-interlocked-l1-1-0.dll
0x000007feef360000 - 0x000007feef363000 	C:\Program Files\Java\jre1.8.0_231\bin\api-ms-win-core-libraryloader-l1-1-0.dll
0x000007feec8e0000 - 0x000007feec8e3000 	C:\Program Files\Java\jre1.8.0_231\bin\api-ms-win-core-localization-l1-2-0.dll
0x000007feef8d0000 - 0x000007feef8d3000 	C:\Program Files\Java\jre1.8.0_231\bin\api-ms-win-core-memory-l1-1-0.dll
0x000007feeb2a0000 - 0x000007feeb2a3000 	C:\Program Files\Java\jre1.8.0_231\bin\api-ms-win-core-namedpipe-l1-1-0.dll
0x000007feeb320000 - 0x000007feeb323000 	C:\Program Files\Java\jre1.8.0_231\bin\api-ms-win-core-processenvironment-l1-1-0.dll
0x000007feeb070000 - 0x000007feeb073000 	C:\Program Files\Java\jre1.8.0_231\bin\api-ms-win-core-processthreads-l1-1-0.dll
0x000007feeb610000 - 0x000007feeb613000 	C:\Program Files\Java\jre1.8.0_231\bin\api-ms-win-core-processthreads-l1-1-1.dll
0x000007feeb060000 - 0x000007feeb063000 	C:\Program Files\Java\jre1.8.0_231\bin\api-ms-win-core-profile-l1-1-0.dll
0x000007feeb050000 - 0x000007feeb053000 	C:\Program Files\Java\jre1.8.0_231\bin\api-ms-win-core-rtlsupport-l1-1-0.dll
0x000007feeb040000 - 0x000007feeb043000 	C:\Program Files\Java\jre1.8.0_231\bin\api-ms-win-core-string-l1-1-0.dll
0x000007feead60000 - 0x000007feead63000 	C:\Program Files\Java\jre1.8.0_231\bin\api-ms-win-core-synch-l1-1-0.dll
0x000007feead50000 - 0x000007feead53000 	C:\Program Files\Java\jre1.8.0_231\bin\api-ms-win-core-synch-l1-2-0.dll
0x000007feead40000 - 0x000007feead43000 	C:\Program Files\Java\jre1.8.0_231\bin\api-ms-win-core-sysinfo-l1-1-0.dll
0x000007feeacd0000 - 0x000007feeacd3000 	C:\Program Files\Java\jre1.8.0_231\bin\api-ms-win-core-timezone-l1-1-0.dll
0x000007feead30000 - 0x000007feead33000 	C:\Program Files\Java\jre1.8.0_231\bin\api-ms-win-core-util-l1-1-0.dll
0x000007feead20000 - 0x000007feead23000 	C:\Program Files\Java\jre1.8.0_231\bin\api-ms-win-crt-conio-l1-1-0.dll
0x000007feeace0000 - 0x000007feeace4000 	C:\Program Files\Java\jre1.8.0_231\bin\api-ms-win-crt-convert-l1-1-0.dll
0x000007feeac60000 - 0x000007feeac63000 	C:\Program Files\Java\jre1.8.0_231\bin\api-ms-win-crt-environment-l1-1-0.dll
0x000007feeac50000 - 0x000007feeac53000 	C:\Program Files\Java\jre1.8.0_231\bin\api-ms-win-crt-filesystem-l1-1-0.dll
0x000007feeac40000 - 0x000007feeac43000 	C:\Program Files\Java\jre1.8.0_231\bin\api-ms-win-crt-heap-l1-1-0.dll
0x000007feeac30000 - 0x000007feeac33000 	C:\Program Files\Java\jre1.8.0_231\bin\api-ms-win-crt-locale-l1-1-0.dll
0x000007feeac20000 - 0x000007feeac25000 	C:\Program Files\Java\jre1.8.0_231\bin\api-ms-win-crt-math-l1-1-0.dll
0x000007feeac10000 - 0x000007feeac15000 	C:\Program Files\Java\jre1.8.0_231\bin\api-ms-win-crt-multibyte-l1-1-0.dll
0x000007feeac00000 - 0x000007feeac10000 	C:\Program Files\Java\jre1.8.0_231\bin\api-ms-win-crt-private-l1-1-0.dll
0x000007feea820000 - 0x000007feea823000 	C:\Program Files\Java\jre1.8.0_231\bin\api-ms-win-crt-process-l1-1-0.dll
0x000007feea810000 - 0x000007feea814000 	C:\Program Files\Java\jre1.8.0_231\bin\api-ms-win-crt-runtime-l1-1-0.dll
0x000007feea800000 - 0x000007feea804000 	C:\Program Files\Java\jre1.8.0_231\bin\api-ms-win-crt-stdio-l1-1-0.dll
0x000007fee9bd0000 - 0x000007fee9bd4000 	C:\Program Files\Java\jre1.8.0_231\bin\api-ms-win-crt-string-l1-1-0.dll
0x000007fee9bc0000 - 0x000007fee9bc3000 	C:\Program Files\Java\jre1.8.0_231\bin\api-ms-win-crt-time-l1-1-0.dll
0x000007fee9bb0000 - 0x000007fee9bb3000 	C:\Program Files\Java\jre1.8.0_231\bin\api-ms-win-crt-utility-l1-1-0.dll
0x000007fee95f0000 - 0x000007fee96ec000 	C:\Program Files\Java\jre1.8.0_231\bin\ucrtbase.dll
0x000007fee97d0000 - 0x000007fee97e5000 	C:\Program Files\Java\jre1.8.0_231\bin\vcruntime140.dll
0x000007fee9730000 - 0x000007fee97cb000 	C:\Program Files\Java\jre1.8.0_231\bin\msvcp140.dll
0x000007fee9390000 - 0x000007fee93e1000 	C:\Program Files\Java\jre1.8.0_231\bin\concrt140.dll
0x000007fee9700000 - 0x000007fee9723000 	C:\Program Files\Java\jre1.8.0_231\bin\prism_d3d.dll
0x000007fef3150000 - 0x000007fef334f000 	C:\Windows\system32\d3d9.dll
0x000007fef9ab0000 - 0x000007fef9ab7000 	C:\Windows\system32\d3d8thk.dll
0x000007fefaf90000 - 0x000007fefafa8000 	C:\Windows\system32\dwmapi.dll
0x000007fee9370000 - 0x000007fee938c000 	C:\Program Files\Java\jre1.8.0_231\bin\prism_sw.dll
0x000007fee9320000 - 0x000007fee9365000 	C:\Program Files\Java\jre1.8.0_231\bin\glass.dll
0x000007fefdcf0000 - 0x000007fefdd87000 	C:\Windows\system32\COMDLG32.dll
0x000007fefeea0000 - 0x000007fefef77000 	C:\Windows\system32\OLEAUT32.dll
0x000007fefd2c0000 - 0x000007fefd2cf000 	C:\Windows\system32\CRYPTBASE.dll
0x000007fef6160000 - 0x000007fef617a000 	C:\Program Files\Java\jre1.8.0_231\bin\net.dll
0x000007fefca50000 - 0x000007fefcaa5000 	C:\Windows\system32\mswsock.dll
0x000007fefca40000 - 0x000007fefca47000 	C:\Windows\System32\wship6.dll
0x000007fefc060000 - 0x000007fefc067000 	C:\Windows\System32\wshtcpip.dll
0x000007fefc8d0000 - 0x000007fefc92b000 	C:\Windows\system32\DNSAPI.dll
0x000007fefaf20000 - 0x000007fefaf47000 	C:\Windows\system32\IPHLPAPI.DLL
0x000007fefaf10000 - 0x000007fefaf1b000 	C:\Windows\system32\WINNSI.DLL
0x000007fef97e0000 - 0x000007fef97e8000 	C:\Windows\system32\rasadhlp.dll
0x000007fef9b10000 - 0x000007fef9b63000 	C:\Windows\System32\fwpuclnt.dll
0x000007fef6100000 - 0x000007fef6112000 	C:\Program Files\Java\jre1.8.0_231\bin\nio.dll
0x000007fee9300000 - 0x000007fee9314000 	C:\Program Files\Java\jre1.8.0_231\bin\javafx_font.dll
0x000007feec910000 - 0x000007feecaa6000 	C:\Windows\system32\dwrite.dll
0x000007fefcab0000 - 0x000007fefcac7000 	C:\Windows\system32\CRYPTSP.dll
0x000007fefc7e0000 - 0x000007fefc827000 	C:\Windows\system32\rsaenh.dll
0x000007fefd570000 - 0x000007fefd58e000 	C:\Windows\system32\USERENV.dll
0x000007fefa3f0000 - 0x000007fefa401000 	C:\Windows\system32\dhcpcsvc6.DLL
0x000007fefa730000 - 0x000007fefa748000 	C:\Windows\system32\dhcpcsvc.DLL
0x000007fef6290000 - 0x000007fef629d000 	C:\Program Files\Java\jre1.8.0_231\bin\management.dll
0x000007fef6070000 - 0x000007fef6094000 	C:\Program Files\Java\jre1.8.0_231\bin\sunec.dll
0x000007feeb430000 - 0x000007feeb469000 	C:\Program Files\Java\jre1.8.0_231\bin\splashscreen.dll
0x000007fefdea0000 - 0x000007fefdf39000 	C:\Windows\system32\CLBCatQ.DLL
0x000007fefada0000 - 0x000007fefaf01000 	C:\Windows\system32\WindowsCodecs.dll
0x000007fefd260000 - 0x000007fefd2b7000 	C:\Windows\system32\apphelp.dll
0x000007fef19a0000 - 0x000007fef1bb5000 	C:\PROGRA~1\MICROS~2\Office16\GROOVEEX.DLL
0x000007fef1680000 - 0x000007fef1996000 	C:\Windows\system32\msi.dll
0x000007fef05d0000 - 0x000007fef0e56000 	C:\PROGRA~1\MICROS~2\Office16\1049\GrooveIntlResource.dll
0x000007fef3a10000 - 0x000007fef3a45000 	C:\Windows\system32\EhStorShell.dll
0x000007feff580000 - 0x000007feff757000 	C:\Windows\system32\SETUPAPI.dll
0x000007fefd520000 - 0x000007fefd556000 	C:\Windows\system32\CFGMGR32.dll
0x000007fefd7e0000 - 0x000007fefd7fa000 	C:\Windows\system32\DEVOBJ.dll
0x000007fefb6b0000 - 0x000007fefb7dc000 	C:\Windows\system32\PROPSYS.dll
0x000007fef6cc0000 - 0x000007fef6ccf000 	C:\Windows\system32\CSCAPI.dll
0x000007fef3a50000 - 0x000007fef3a85000 	C:\Program Files\VMware\VMware View\Agent\bin\VMWVvpext.dll
0x000007fef6430000 - 0x000007fef6439000 	C:\Windows\system32\FLTLIB.DLL
0x000007fef1f70000 - 0x000007fef1ff0000 	C:\Windows\system32\ntshrui.dll
0x000007fefcee0000 - 0x000007fefcf03000 	C:\Windows\system32\srvcli.dll
0x000007fefb050000 - 0x000007fefb05b000 	C:\Windows\system32\slc.dll
0x000007feebcc0000 - 0x000007feebe5a000 	C:\Program Files\Java\jre1.8.0_231\bin\awt.dll
0x000007fef79f0000 - 0x000007fef7a61000 	C:\Windows\system32\WINSPOOL.DRV
0x000007fee92b0000 - 0x000007fee92c1000 	C:\Program Files\Java\jre1.8.0_231\bin\prism_common.dll

VM Arguments:
java_command: \\fsrv\obmen\TR\/AP.jar 666 2 03955068100787673624 no XXI man9o odb J:\dev6i\NET80\ADMIN
java_class_path (initial): \\fsrv\obmen\TR\/AP.jar
Launcher Type: SUN_STANDARD

Environment Variables:
CLASSPATH=I:\jlib;I:\jlib\uni_2.jar;I:\jlib\WSUnistream.jar;I:\jlib\cont_ng.jar;I:\jlib\WSContact.jar;I:\jlib\wslib.jar;I:\jlib\ORASAAJ.JAR;I:\jlib\orai18n.jar;I:\jlib\ojdbc6.jar;I:\jlib\slf4j-api-1.6.1.jar;I:\jlib\logback-classic-1.1.2.jar;I:\jlib\logback-core-1.1.2.jar
PATH=C:/Program Files/Java/jre1.8.0_231/bin/server;C:/Program Files/Java/jre1.8.0_231/bin;C:/Program Files/Java/jre1.8.0_231/lib/amd64;C:\Program Files (x86)\Pervasive Software\PSQL\bin\;C:\Program Files (x86)\Common Files\Oracle\Java\javapath;C:\app\product\11.2.0\cl_1\bin;C:\ProgramData\Oracle\Java\javapath;C:\Windows\system32;C:\Windows;C:\Windows\System32\Wbem;C:\Windows\System32\WindowsPowerShell\v1.0\;i:\kernel;i:\bin;i:\lib;I:\ORACLE\ORACLE\ORA11\product\11.2.0\client_1\bin;i:\ORACLE\ORACLE\dev6i\bin;C:\Program Files (x86)\Microsoft SQL Server\110\Tools\Binn\ManagementStudio\;C:\Program Files (x86)\Microsoft SQL Server\110\Tools\Binn\;C:\Program Files\Microsoft SQL Server\110\Tools\Binn\;C:\Program Files (x86)\Microsoft SQL Server\110\DTS\Binn\;C:\Program Files\Microsoft SQL Server\110\DTS\Binn\;C:\Program Files\Common Files\ThinPrint\;C:\Windows\System32\Windows System Resource Manager\bin;;C:\Windows\idmu\common;D:\Users\saidp\eclipse\jee-2019-12\eclipse;
USERNAME=saidp
OS=Windows_NT
PROCESSOR_IDENTIFIER=Intel64 Family 6 Model 63 Stepping 0, GenuineIntel



---------------  S Y S T E M  ---------------

OS: Windows 7 , 64 bit Build 7601 (6.1.7601.18015)

CPU:total 6 (initial active 6) (3 cores per cpu, 1 threads per core) family 6 model 63 stepping 0, cmov, cx8, fxsr, mmx, sse, sse2, sse3, ssse3, sse4.1, sse4.2, popcnt, avx, avx2, aes, clmul, erms, lzcnt, tsc, tscinvbit, bmi1, bmi2

Memory: 4k page, physical 10485240k(2460940k free), swap 20968616k(10876424k free)

vm_info: Java HotSpot(TM) 64-Bit Server VM (25.231-b11) for windows-amd64 JRE (1.8.0_231-b11), built on Oct  5 2019 03:11:30 by "java_re" with MS VC++ 10.0 (VS2010)

time: Fri Apr 03 22:34:35 2020
timezone: Russian Standard Time
elapsed time: 12 seconds (0d 0h 0m 12s)

